INFO MainThread 10:26:07:   img_path：./img.jpg
INFO MainThread 10:26:07:   图片加载完成：./img.jpg
INFO MainThread 10:26:07:   开始调整图片大小
INFO MainThread 10:26:07:   图片大小调整为：(600, 800)
INFO MainThread 10:26:07:   提取图片中绿色区域
INFO MainThread 10:26:07:   绿色区域提取完毕
INFO MainThread 10:26:07:   轮廓提取完毕:350
INFO MainThread 10:26:07:   执行霍夫变换直线检测
INFO MainThread 10:26:07:   检测出16条直线
INFO MainThread 10:26:07:   检测出的直线：[[ 7.1000000e+01  0.0000000e+00]
 [-5.2000000e+02  3.1066861e+00]
 [ 7.3500000e+02  1.5184364e+00]
 [-5.2800000e+02  3.1241393e+00]
 [ 4.6000000e+01  1.5882496e+00]
 [-6.6000000e+01  3.1241393e+00]
 [ 4.0000000e+01  1.6057029e+00]
 [ 7.3000000e+02  1.5358897e+00]
 [ 4.9000000e+01  1.5707964e+00]
 [ 8.3000000e+01  1.7453292e-02]
 [ 5.3800000e+02  0.0000000e+00]
 [ 7.4100000e+02  1.5009831e+00]
 [ 5.3200000e+02  0.0000000e+00]
 [ 3.4000000e+01  1.6231562e+00]
 [-6.1000000e+01  3.1241393e+00]
 [ 7.9000000e+01  1.7453292e-02]]
INFO MainThread 10:26:07:   直线的类别：[3 0 2 0 1 3 1 2 1 3 0 2 0 1 3 3]
INFO MainThread 10:26:07:   聚类处理后的直线：[0    529.500000
1      6.270095
dtype: float64, 0    42.250000
1     1.596976
dtype: float64, 0    735.333313
1      1.518436
dtype: float64, 0    72.000000
1     6.280276
dtype: float64]
INFO MainThread 10:26:07:   计算出的交点为：[(529.8174132948701, 55.815067813480105, 171279.31099778446), (538.2941722167457, 707.2213880406819, 151169.09378210726), (8822.583712225078, 271.6428193371892, 72650908.6977119), (-37.381240472560975, -43531.21994092988, 1930065911.5997777), (71.61102995636674, 43.88977655542096, 178976.01287933963), (73.33133718786694, 731.6686077092008, 161382.74804080022)]
INFO MainThread 10:26:07:   选出的矩形的四个顶点为：[(538.2941722167457, 707.2213880406819, 151169.09378210726), (73.33133718786694, 731.6686077092008, 161382.74804080022), (529.8174132948701, 55.815067813480105, 171279.31099778446), (71.61102995636674, 43.88977655542096, 178976.01287933963), (8822.583712225078, 271.6428193371892, 72650908.6977119), (-37.381240472560975, -43531.21994092988, 1930065911.5997777)]
INFO MainThread 10:26:07:   按照左上右上左下右下排序的顶点为：：[(538.2941722167457, 707.2213880406819, 151169.09378210726), (73.33133718786694, 731.6686077092008, 161382.74804080022), (529.8174132948701, 55.815067813480105, 171279.31099778446), (71.61102995636674, 43.88977655542096, 178976.01287933963), (8822.583712225078, 271.6428193371892, 72650908.6977119), (-37.381240472560975, -43531.21994092988, 1930065911.5997777)]
INFO Thread-1 10:26:56:   img_path：./img.jpg
INFO Thread-4 10:32:05:   img_path：./img.jpg
INFO Thread-2 10:33:12:   img_path：./img.jpg
INFO Thread-3 10:33:12:   img_path：./img.jpg
INFO Thread-1 10:33:12:   img_path：./img.jpg
INFO Thread-2 10:33:54:   img_path：./img.jpg
INFO Thread-4 10:41:29:   img_path：./img.jpg
INFO Thread-1 20:01:25:   img_path：./img.jpg
INFO Thread-3 20:01:25:   img_path：./img.jpg
INFO Thread-2 17:17:24:   img_path：./img.jpg
INFO Thread-1 17:17:24:   img_path：./img.jpg
INFO Thread-5 17:59:17:   img_path：./img.jpg
INFO Thread-1 18:00:14:   img_path：./img.jpg
INFO Thread-10 12:42:54:   img_path：./img.jpg
INFO Thread-2 13:10:58:   img_path：./img.jpg
